<?xml version="1.0" encoding="UTF-8"?>
<!-- Generated by org.testng.reporters.JUnitReportReporter -->
<testsuite skipped="0" hostname="ECOWS-202" name="Com.Study.TestCreateExcel" tests="1" failures="0" timestamp="2019-12-02T15:14:34 IST" time="0.337" errors="0">
  <testcase name="Create" time="0.337" classname="Com.Study.TestCreateExcel"/>
</testsuite> <!-- Com.Study.TestCreateExcel -->
