<?xml version="1.0" encoding="UTF-8"?>
<!-- Generated by org.testng.reporters.JUnitReportReporter -->
<testsuite skipped="0" hostname="ECOWS-202" name="Com.Study.TestDemo" tests="1" failures="0" timestamp="2020-01-06T17:14:46 IST" time="26.048" errors="0">
  <testcase name="LoginTest" time="26.048" classname="Com.Study.TestDemo"/>
</testsuite> <!-- Com.Study.TestDemo -->
